// 重构日志: 5038f64b
// 重构日志: e3b29392
// 同步 ID: c2659720 @ Sat Jun 27 15:33:00 UTC 2026
// 重构日志: d82048ac
// 重构日志: 6efd0dd5
// 重构日志: b1d5e5ba
// 重构日志: bb2c364c
// 同步 ID: 492c4ad4 @ Sat Jul  4 16:06:20 UTC 2026
// 重构日志: 98c31981
// 重构日志: 2d6a090e
// 重构日志: bf45233d
// 重构日志: d68b1ecb
// 重构日志: eb82bfca
// 重构日志: 9e9f28b3
// 重构日志: 5f22e35a
// 重构日志: d3f7bd7d
// 重构日志: c618a161
// 重构日志: a2f891cf
// 重构日志: afc4ec7a
// 同步 ID: 5f1bec83 @ Sat Jul 18 00:52:02 UTC 2026
// 重构日志: e665698b
// 重构日志: c1655858
// 同步 ID: 59bc7019 @ Sun Jul 19 12:09:46 UTC 2026
